C51 COMPILER V9.01   REAL_TIME_OS                                                          08/03/2023 20:12:00 PAGE 1   


C51 COMPILER V9.01, COMPILATION OF MODULE REAL_TIME_OS
OBJECT MODULE PLACED IN real_time_os.OBJ
COMPILER INVOKED BY: C:\Keil\C51\BIN\C51.EXE real_time_os.c BROWSE DEBUG OBJECTEXTEND

line level    source

   1          #include <REGX51.H>
   2          #include <RTX51TNY.H>
   3          
   4          
   5          
   6          #define led_blink_1s P1_0
   7          #define led_blink_3s P1_1
   8          #define led_blink_5s P1_2
   9          #define leds_lightUp_fadeOut P2
  10          
  11          
  12          
  13          void blink_1s(void) _task_ 1            
  14          {
  15   1              while(1)
  16   1              {
  17   2                      led_blink_1s = 1;
  18   2                      os_wait2(K_IVL, 50);    // K_IVL: Wait for the interval specified by ticks
  19   2                      led_blink_1s = 0;
  20   2                      os_wait2(K_IVL, 50);    // 1 tick = 0.01s
  21   2              }
  22   1      }
  23          
  24          
  25          
  26          void blink_3s(void) _task_ 2    
  27          {
  28   1              while(1)
  29   1              {
  30   2                      led_blink_3s = 1;
  31   2                      os_wait2(K_IVL, 150);
  32   2                      led_blink_3s = 0;
  33   2                      os_wait2(K_IVL, 150);
  34   2              }
  35   1      }
  36          
  37          
  38          
  39          void blink_5s(void) _task_ 3    
  40          {
  41   1              while(1)
  42   1              {
  43   2                      led_blink_5s = 1;
  44   2                      os_wait2(K_IVL, 250);
  45   2                      led_blink_5s = 0;
  46   2                      os_wait2(K_IVL, 250);
  47   2              }
  48   1      }
  49          
  50          
  51          
  52          void lightUp_fadeOut(void) _task_ 4             
  53          {
  54   1              unsigned int i;
  55   1      
C51 COMPILER V9.01   REAL_TIME_OS                                                          08/03/2023 20:12:00 PAGE 2   

  56   1              leds_lightUp_fadeOut = 0;                                                                                       // init
  57   1              os_wait2(K_IVL, 50);
  58   1      
  59   1              while(1)
  60   1              {
  61   2                      for (i = 0; i < 8; i++) {                                                                               // light up
  62   3                              leds_lightUp_fadeOut = (leds_lightUp_fadeOut << 1) | 0x01;
  63   3                              os_wait2(K_IVL, 50);
  64   3                      }
  65   2                       
  66   2                      for (i = 0; i < 8; i++) {                                                                               // fade out
  67   3                              leds_lightUp_fadeOut = leds_lightUp_fadeOut << 1;
  68   3                              os_wait2(K_IVL, 50);
  69   3                      }
  70   2              }
  71   1      }
  72          
  73          
  74          
  75          void main_task(void) _task_ 0
  76          {
  77   1              os_create_task (1);             // init 
  78   1              os_create_task (2); 
  79   1              os_create_task (3); 
  80   1              os_create_task (4); 
  81   1      
  82   1              os_delete_task (0);             // terminate 
  83   1      }


MODULE INFORMATION:   STATIC OVERLAYABLE
   CODE SIZE        =    171    ----
   CONSTANT SIZE    =   ----    ----
   XDATA SIZE       =   ----    ----
   PDATA SIZE       =   ----    ----
   DATA SIZE        =   ----       2
   IDATA SIZE       =   ----    ----
   BIT SIZE         =   ----    ----
END OF MODULE INFORMATION.


C51 COMPILATION COMPLETE.  0 WARNING(S),  0 ERROR(S)
