C51 COMPILER V9.01   62256_LCD                                                             07/12/2023 19:13:47 PAGE 1   


C51 COMPILER V9.01, COMPILATION OF MODULE 62256_LCD
OBJECT MODULE PLACED IN 62256_LCD.OBJ
COMPILER INVOKED BY: C:\Keil\C51\BIN\C51.EXE 62256_LCD.c BROWSE DEBUG OBJECTEXTEND

line level    source

   1          #include <reg51.h>
   2          #include "LCD_16x2_8bit.h"
   3          
   4          
   5          
   6          uchar xdata *pp;                                                // data of external RAM
   7          
   8          void write_ram(uint add, uchar dat)             // address, data 
   9          {
  10   1              pp = 0x0000 + add;
  11   1              *pp = dat;
  12   1      }
  13          
  14          uchar read_ram(uint add)
  15          {
  16   1              uchar dat;
  17   1              pp = 0x0000 + add;
  18   1              dat = *pp;
  19   1              return dat;
  20   1      }
  21          
  22          
  23          
  24          void main(void)
  25          {
  26   1              uint i;
  27   1              uchar dat;
  28   1              uchar address[LCD_numOfCols] = "address:        ";
  29   1              uchar Data[LCD_numOfCols]        = "data:           ";
  30   1      
  31   1              for (i = 0; i < 32768; i++)             // write data into external RAM 
  32   1                      write_ram(i, i%256);
  33   1              
  34   1              lcd_init();
  35   1              lcd_movCur(1, 1);
  36   1              lcd_sendStr(address);
  37   1              lcd_movCur(2, 1);
  38   1              lcd_sendStr(Data);
  39   1              
  40   1              while(1) {
  41   2                      for(i = 0; i < 32768; i++) {    // read data from external RAM and display on LCD                                       
  42   3                              dat = read_ram(i);
  43   3                                                      
  44   3                              lcd_movCur(1, 1);
  45   3                              lcd_sendStr(address);
  46   3                              lcd_movCur(1, 9);
  47   3                              lcd_sendInt(i); 
  48   3                              
  49   3                              lcd_movCur(2, 1);
  50   3                              lcd_sendStr(Data);
  51   3                              lcd_movCur(2, 6);
  52   3                              lcd_sendInt((uint)dat);
  53   3                              
  54   3                              delay_ms(1000);                                 
  55   3                      }
C51 COMPILER V9.01   62256_LCD                                                             07/12/2023 19:13:47 PAGE 2   

  56   2              }
  57   1      }


MODULE INFORMATION:   STATIC OVERLAYABLE
   CODE SIZE        =    595    ----
   CONSTANT SIZE    =     32    ----
   XDATA SIZE       =   ----    ----
   PDATA SIZE       =   ----    ----
   DATA SIZE        =      2      63
   IDATA SIZE       =   ----    ----
   BIT SIZE         =   ----    ----
END OF MODULE INFORMATION.


C51 COMPILATION COMPLETE.  0 WARNING(S),  0 ERROR(S)
