C51 COMPILER V9.01   SIOP                                                                  09/02/2023 11:48:44 PAGE 1   


C51 COMPILER V9.01, COMPILATION OF MODULE SIOP
OBJECT MODULE PLACED IN siop.OBJ
COMPILER INVOKED BY: D:\phan_mem\KEIL\Keil\C51\BIN\C51.EXE siop.c BROWSE DEBUG OBJECTEXTEND

line level    source

   1          #include <AT89X51.H>
   2          
   3          
   4          
   5          void SetupSerial(char baud);
   6          void TxChar(unsigned char ch);
   7          unsigned char RxChar(void);
   8          void TxStr(char *str);
   9          void TxHex(unsigned char ch);
  10          void TxCrLf(void);
  11          
  12          
  13          
  14          void SetupSerial(char baud)
  15          {
  16   1              SCON = 0x50;                            // UART 8bit, receive enable
  17   1              TMOD = 0x20;                            // timer 1, auto reload 8 bit 
  18   1              TH1 = baud;
  19   1              TR1 = 1;                                        // start timer1
  20   1      }
  21          
  22          
  23          
  24          void TxChar(unsigned char ch)
  25          {
  26   1              SBUF = ch;
  27   1              while(!TI);
  28   1              TI = 0;
  29   1      }
  30          
  31          
  32          
  33          unsigned char RxChar(void)
  34          {
  35   1              RI = 0;                 
  36   1              return SBUF;
  37   1      }
  38          
  39          
  40          
  41          void TxStr(char *str)
  42          {
  43   1              while (*str)    
  44   1                      TxChar(*str++);
  45   1      }
  46          
  47          
  48          
  49          void TxNible(unsigned char ch)  // convert hex to ascii and transmit 
  50          {
  51   1              if (ch < 10)                            // digit
  52   1                      ch += 48;
  53   1              else                                            // alpha
  54   1                      ch += 55;                               
  55   1      
C51 COMPILER V9.01   SIOP                                                                  09/02/2023 11:48:44 PAGE 2   

  56   1              TxChar(ch);
  57   1      }
  58          
  59          
  60          
  61          void TxHex(unsigned char ch)    // transmit HEX value
  62          {       
  63   1              TxNible((ch & 0xF0) >> 4);
  64   1              TxNible(ch & 0x0F);
  65   1      
  66   1              TxChar(0x20);                           // space
  67   1      }
  68          
  69          
  70          
  71          void TxCrLf(void)
  72          {
  73   1              TxChar(13);                                     // \r
  74   1              TxChar(10);                                     // \n
  75   1      }


MODULE INFORMATION:   STATIC OVERLAYABLE
   CODE SIZE        =    114    ----
   CONSTANT SIZE    =   ----    ----
   XDATA SIZE       =   ----    ----
   PDATA SIZE       =   ----    ----
   DATA SIZE        =   ----       3
   IDATA SIZE       =   ----    ----
   BIT SIZE         =   ----    ----
END OF MODULE INFORMATION.


C51 COMPILATION COMPLETE.  0 WARNING(S),  0 ERROR(S)
