C51 COMPILER V9.01   MAIN                                                                  07/12/2023 19:20:28 PAGE 1   


C51 COMPILER V9.01, COMPILATION OF MODULE MAIN
OBJECT MODULE PLACED IN main.OBJ
COMPILER INVOKED BY: C:\Keil\C51\BIN\C51.EXE main.c BROWSE DEBUG OBJECTEXTEND

line level    source

   1          #include <reg51.h>
   2          #include "LCD_16x2_4bit.h"
   3          
   4          
   5          
   6          void main()                                                                                     
   7          {
   8   1              uint count;
   9   1              float number = 21.12;
  10   1      
  11   1              lcd_init();     
  12   1              
  13   1              while (1) {
  14   2                      lcd_movCur(1, 2);                                                       
  15   2                      lcd_sendStr("PHAN CONG DANH");
  16   2              
  17   2                      lcd_movCur(2, 2);                                                               
  18   2                      lcd_sendStr("19119160 SPKT");
  19   2              
  20   2                      delay_ms(1000);
  21   2                      lcd_clear();
  22   2                                                                                      
  23   2                      lcd_movCur(2, 2);                                                               
  24   2                      lcd_sendStr("A FLOAT: ");
  25   2                      lcd_movCur(2, 11);                                      
  26   2                      lcd_sendFloat(number, 2);
  27   2              
  28   2                      lcd_movCur(1, 2);                                                               
  29   2                      lcd_sendStr("COUNT = ");
  30   2                      for (count = 0; count < 22; count++) 
  31   2                      {
  32   3                              lcd_movCur(1, 10);                                              
  33   3                              lcd_sendInt(count);                                                                                                             
  34   3                              delay_ms(100);          
  35   3                      }
  36   2      
  37   2                      delay_ms(1000);
  38   2                      lcd_clear();
  39   2              }                                                                       
  40   1      }


MODULE INFORMATION:   STATIC OVERLAYABLE
   CODE SIZE        =    568    ----
   CONSTANT SIZE    =     48    ----
   XDATA SIZE       =   ----    ----
   PDATA SIZE       =   ----    ----
   DATA SIZE        =   ----      33
   IDATA SIZE       =   ----    ----
   BIT SIZE         =   ----    ----
END OF MODULE INFORMATION.


C51 COMPILATION COMPLETE.  0 WARNING(S),  0 ERROR(S)
