C51 COMPILER V9.01   MAIN                                                                  07/25/2023 19:02:21 PAGE 1   


C51 COMPILER V9.01, COMPILATION OF MODULE MAIN
OBJECT MODULE PLACED IN main.OBJ
COMPILER INVOKED BY: C:\Keil\C51\BIN\C51.EXE main.c BROWSE DEBUG OBJECTEXTEND

line level    source

   1          #include <regx51.h>
   2          
   3          
   4          
   5          #define UP 1
   6          #define DOWN 0
   7          
   8          sbit PWM_PIN = P2^0;
   9          
  10          int duty = 65;
  11          
  12          unsigned int T, Ton, Toff, dir = UP;
  13          unsigned char Ton_TH, Ton_TL, Toff_TH, Toff_TL;
  14          
  15          
  16          
  17          void delay(int interval)
  18          {
  19   1              int i, j;
  20   1              for (i = 0; i < 255; i++)
  21   1                      for (j = 0; j < interval; j++);
  22   1      }
  23          
  24          
  25          
  26          void PWM_Init(unsigned int cycle) {                     // us unit
  27   1              PWM_PIN = 0;
  28   1              TMOD = 0x01;                                                    // timer 16bit
  29   1              ET0 = 1;                                                                // enable timer 0 interrupt 
  30   1              EA = 1;                                                                 // enable global interrupt                                                                                      
  31   1              T = cycle;                                                              
  32   1      }
  33          
  34          
  35          
  36          void PWM_SetDuty(unsigned int duty) {
  37   1              if (duty == 0) {
  38   2                      PWM_PIN = 0;
  39   2                      ET0 = 0;
  40   2              }
  41   1              else if (duty == 100) {
  42   2                      PWM_PIN = 1;
  43   2                      ET0 = 0;
  44   2              }
  45   1              else {
  46   2                      Ton = ((unsigned long)T) * duty / 100;  // calculate Ton and Toff
  47   2                      Toff = T - Ton;
  48   2              
  49   2                      Ton_TH = (65536 - Ton) >> 8;                    // get init value for TH0 and TL0
  50   2                      Ton_TL = (65536 - Ton) & 0x00FF; 
  51   2                      Toff_TH = (65536 - Toff) >> 8;
  52   2                      Toff_TL = (65536 - Toff) & 0x00FF;
  53   2                      
  54   2                      ET0 = 1;
  55   2                      TR0 = 1;                                                                // start timer0 
C51 COMPILER V9.01   MAIN                                                                  07/25/2023 19:02:21 PAGE 2   

  56   2              }                                                                               
  57   1      }
  58          
  59          
  60          
  61          void IntTimer0() interrupt 1 {                                  // create PWM           
  62   1              PWM_PIN = ~PWM_PIN;
  63   1      
  64   1              if (PWM_PIN) {
  65   2                      TH0 = Ton_TH;
  66   2                      TL0 = Ton_TL;   
  67   2              }
  68   1              else {
  69   2                      TH0 = Toff_TH;
  70   2                      TL0 = Toff_TL;
  71   2              }
  72   1      }
  73          
  74          
  75          
  76          
  77          int main() {
  78   1              PWM_Init(1000);                         // T = 1000us
  79   1                      
  80   1              while(1) {                               
  81   2                      PWM_SetDuty(duty);              // set duty cycle
  82   2      
  83   2                      if (dir == UP) {                // light up
  84   3                              duty += 2;
  85   3                              if (duty > 100) {
  86   4                                      dir = DOWN;
  87   4                                      duty = 100;
  88   4                              }                       
  89   3                      }
  90   2                      else {                                  // fade out
  91   3                              duty -= 2;
  92   3                              if (duty < 0) {
  93   4                                      dir = UP;
  94   4                                      duty = 0;
  95   4                              }                                               
  96   3                      }
  97   2      
  98   2                      delay(50);                      
  99   2              }               
 100   1      }


MODULE INFORMATION:   STATIC OVERLAYABLE
   CODE SIZE        =    295    ----
   CONSTANT SIZE    =   ----    ----
   XDATA SIZE       =   ----    ----
   PDATA SIZE       =   ----    ----
   DATA SIZE        =     14    ----
   IDATA SIZE       =   ----    ----
   BIT SIZE         =   ----    ----
END OF MODULE INFORMATION.


C51 COMPILATION COMPLETE.  0 WARNING(S),  0 ERROR(S)
