C51 COMPILER V9.01   MOTOR_INT1                                                            07/23/2023 15:20:04 PAGE 1   


C51 COMPILER V9.01, COMPILATION OF MODULE MOTOR_INT1
OBJECT MODULE PLACED IN motor_int1.OBJ
COMPILER INVOKED BY: C:\Keil\C51\BIN\C51.EXE motor_int1.c BROWSE DEBUG OBJECTEXTEND

line level    source

   1          #include <reg51.h>
   2          
   3          
   4          
   5          #define motor P3
   6          
   7          sbit Btn_Up   = P1^0;
   8          sbit Btn_Down = P1^1;
   9          sbit Btn_Stop = P1^2;
  10          
  11          
  12          
  13          void main()
  14          {       
  15   1              while(1) {      
  16   2                      if (Btn_Up == 0)        
  17   2                              motor = 1;      
  18   2                      else if (Btn_Down == 0)         
  19   2                              motor = 2;      
  20   2                      else if (Btn_Stop == 0)         
  21   2                              motor = 0;
  22   2              }       
  23   1      }       


MODULE INFORMATION:   STATIC OVERLAYABLE
   CODE SIZE        =     24    ----
   CONSTANT SIZE    =   ----    ----
   XDATA SIZE       =   ----    ----
   PDATA SIZE       =   ----    ----
   DATA SIZE        =   ----    ----
   IDATA SIZE       =   ----    ----
   BIT SIZE         =   ----    ----
END OF MODULE INFORMATION.


C51 COMPILATION COMPLETE.  0 WARNING(S),  0 ERROR(S)
