C51 COMPILER V9.01   CODE                                                                  07/14/2023 15:54:11 PAGE 1   


C51 COMPILER V9.01, COMPILATION OF MODULE CODE
OBJECT MODULE PLACED IN code.OBJ
COMPILER INVOKED BY: C:\Keil\C51\BIN\C51.EXE code.c BROWSE DEBUG OBJECTEXTEND

line level    source

   1          #include <at89x51.h>
   2          
   3          
   4          
   5          void delay(unsigned long time) {
   6   1              unsigned long i;
   7   1              for (i = 0; i < time; i++);
   8   1      }
   9          
  10          
  11          
  12          void main(void) {
  13   1              int value = 0;
  14   1              while (value < 10) {
  15   2                      P2 = value++;
  16   2                      delay(10000);
  17   2              }  
  18   1      }


MODULE INFORMATION:   STATIC OVERLAYABLE
   CODE SIZE        =    106    ----
   CONSTANT SIZE    =   ----    ----
   XDATA SIZE       =   ----    ----
   PDATA SIZE       =   ----    ----
   DATA SIZE        =   ----      10
   IDATA SIZE       =   ----    ----
   BIT SIZE         =   ----    ----
END OF MODULE INFORMATION.


C51 COMPILATION COMPLETE.  0 WARNING(S),  0 ERROR(S)
