C51 COMPILER V9.01   MAIN                                                                  08/03/2023 21:01:43 PAGE 1   


C51 COMPILER V9.01, COMPILATION OF MODULE MAIN
OBJECT MODULE PLACED IN main.OBJ
COMPILER INVOKED BY: C:\Keil\C51\BIN\C51.EXE main.c BROWSE DEBUG OBJECTEXTEND

line level    source

   1          #include <reg51.h>
   2          #include "7Seg8Dig_Anode.h"
   3          
   4          
   5          
   6          void main() {
   7   1              int tensOfMillions, millions, hundredsOfThousands, tensOfThousands, thousands, hundreds, dozens, units, i
             -;
   8   1      
   9   1              while(1) {
  10   2                      for (tensOfMillions = 0; tensOfMillions < 10; tensOfMillions++)
  11   2                      for (millions = 0; millions < 10; millions++)
  12   2                      for (tensOfThousands = 0; tensOfThousands < 10; tensOfThousands++)
  13   2                      for (hundredsOfThousands = 0; hundredsOfThousands < 10; hundredsOfThousands++)
  14   2                      for (thousands = 0; thousands < 10; thousands++)
  15   2                      for (hundreds = 0; hundreds < 10; hundreds++)
  16   2                      for (dozens = 0; dozens < 10; dozens++)
  17   2                      for (units = 0; units < 10; units++)
  18   2                      for (i = 50; i > 0; i--) {
  19   3                              Led7Seg_scan = led7seg_dig8;            
  20   3                              Led7Seg_data = dig[units];                      
  21   3                              delayScan(50);
  22   3      
  23   3                              Led7Seg_scan = led7seg_dig7;                    
  24   3                              Led7Seg_data = dig[dozens];
  25   3                              delayScan(50);
  26   3      
  27   3                              Led7Seg_scan = led7seg_dig6;                    
  28   3                              Led7Seg_data = dig[hundreds];
  29   3                              delayScan(50);
  30   3      
  31   3                              Led7Seg_scan = led7seg_dig5;                    
  32   3                              Led7Seg_data = dig[thousands];
  33   3                              delayScan(50);
  34   3      
  35   3                              Led7Seg_scan = led7seg_dig4;            
  36   3                              Led7Seg_data = dig[hundredsOfThousands];                        
  37   3                              delayScan(50);
  38   3      
  39   3                              Led7Seg_scan = led7seg_dig3;            
  40   3                              Led7Seg_data = dig[tensOfThousands];
  41   3                              delayScan(50);
  42   3      
  43   3                              Led7Seg_scan = led7seg_dig2;                    
  44   3                              Led7Seg_data = dig[millions];
  45   3                              delayScan(50);
  46   3      
  47   3                              Led7Seg_scan = led7seg_dig1;            
  48   3                              Led7Seg_data = dig[tensOfMillions];
  49   3                              delayScan(50);
  50   3                      }
  51   2              }
  52   1      }


C51 COMPILER V9.01   MAIN                                                                  08/03/2023 21:01:43 PAGE 2   

MODULE INFORMATION:   STATIC OVERLAYABLE
   CODE SIZE        =    337    ----
   CONSTANT SIZE    =   ----    ----
   XDATA SIZE       =   ----    ----
   PDATA SIZE       =   ----    ----
   DATA SIZE        =     16      14
   IDATA SIZE       =   ----    ----
   BIT SIZE         =   ----    ----
END OF MODULE INFORMATION.


C51 COMPILATION COMPLETE.  0 WARNING(S),  0 ERROR(S)
