C51 COMPILER V9.01   PROB5                                                                 08/03/2023 21:15:41 PAGE 1   


C51 COMPILER V9.01, COMPILATION OF MODULE PROB5
OBJECT MODULE PLACED IN prob5.OBJ
COMPILER INVOKED BY: C:\Keil\C51\BIN\C51.EXE prob5.c BROWSE DEBUG OBJECTEXTEND

line level    source

   1          #include <reg51.h>
   2          #include "7Seg4Dig_Anode.h"
   3          
   4          
   5          
   6          int count = 0;
   7          
   8          
   9          
  10          void configInt() 
  11          {
  12   1              IE = 0x81;      // enable global and external 0 interruot       
  13   1              IT0 = 1;                // active by edge
  14   1      } 
  15          
  16          
  17          
  18          void ISR_Ext0() interrupt 0 
  19          {
  20   1              count++;
  21   1      }
  22          
  23          
  24          
  25          void display_number(int iNum)
  26          {       
  27   1              int i;
  28   1              unsigned char pos = led7seg_dig4, temp; 
  29   1              for (i = 0; i < led7seg_numOfDigs; i++)                 
  30   1              {
  31   2                      temp = iNum % 10;                       
  32   2                      iNum /= 10; 
  33   2                                              
  34   2                      Led7Seg_scan = pos;                                     
  35   2                      Led7Seg_data = dig[temp];
  36   2      
  37   2                      delayScan(500);  
  38   2                      pos <<= 1;                                      
  39   2              }
  40   1      }
  41          
  42          
  43          
  44          void main() 
  45          {
  46   1              configInt();
  47   1      
  48   1              while (1) 
  49   1                      display_number(count);
  50   1      }


MODULE INFORMATION:   STATIC OVERLAYABLE
   CODE SIZE        =    129    ----
   CONSTANT SIZE    =   ----    ----
C51 COMPILER V9.01   PROB5                                                                 08/03/2023 21:15:41 PAGE 2   

   XDATA SIZE       =   ----    ----
   PDATA SIZE       =   ----    ----
   DATA SIZE        =     18       4
   IDATA SIZE       =   ----    ----
   BIT SIZE         =   ----    ----
END OF MODULE INFORMATION.


C51 COMPILATION COMPLETE.  0 WARNING(S),  0 ERROR(S)
