C51 COMPILER V9.01   MA_TRAN_BAN_PHIM                                                      07/20/2023 21:59:28 PAGE 1   


C51 COMPILER V9.01, COMPILATION OF MODULE MA_TRAN_BAN_PHIM
OBJECT MODULE PLACED IN ma_tran_ban_phim.OBJ
COMPILER INVOKED BY: C:\Keil\C51\BIN\C51.EXE ma_tran_ban_phim.c BROWSE DEBUG OBJECTEXTEND

line level    source

   1          #include <reg51.h>
   2          #include "Keypad_4x4.h"
   3          
   4          
   5          
   6          #define Led7Seg P2
   7          
   8          
   9          
  10          void main()
  11          {
  12   1              uint col, row;
  13   1              
  14   1              while (1)
  15   1              {
  16   2                      col = keypad_scanColumn();
  17   2      
  18   2                      if (col != -1) {                                                // key is pressed
  19   3                              row = keypad_scanRow();
  20   3                              Led7Seg = keys[row][col];
  21   3                              while (keypad_scanColumn() != -1);  // debounce
  22   3                      }
  23   2              }
  24   1      }


MODULE INFORMATION:   STATIC OVERLAYABLE
   CODE SIZE        =    147    ----
   CONSTANT SIZE    =   ----    ----
   XDATA SIZE       =   ----    ----
   PDATA SIZE       =   ----    ----
   DATA SIZE        =     16    ----
   IDATA SIZE       =   ----    ----
   BIT SIZE         =   ----    ----
END OF MODULE INFORMATION.


C51 COMPILATION COMPLETE.  0 WARNING(S),  0 ERROR(S)
