C51 COMPILER V9.01   PROB3                                                                 07/19/2023 11:45:25 PAGE 1   


C51 COMPILER V9.01, COMPILATION OF MODULE PROB3
OBJECT MODULE PLACED IN prob3.OBJ
COMPILER INVOKED BY: C:\Keil\C51\BIN\C51.EXE prob3.c BROWSE DEBUG OBJECTEXTEND

line level    source

   1          #include <reg51.h>
   2          #include "7Seg4Dig_Anode.h"
   3          
   4          
   5          
   6          #define DELAYTIME 500000000
   7          
   8          
   9          
  10          void main() {
  11   1              int i;
  12   1              unsigned char pos = led7seg_dig4;
  13   1      
  14   1              while(1) {      
  15   2                      for (i = 0; i <= 9; i++) {
  16   3                              if (pos > led7seg_dig1)
  17   3                                      pos = led7seg_dig4;
  18   3      
  19   3                              Led7Seg_scan = pos;
  20   3                              Led7Seg_data = dig[i];
  21   3                              delayScan(DELAYTIME);
  22   3                              pos <<= 1;
  23   3                      }
  24   2      
  25   2                      for (i = 0; i <= 5; i++) {
  26   3                              if (pos > led7seg_dig1)
  27   3                                      pos = led7seg_dig4;
  28   3      
  29   3                              Led7Seg_scan = pos;
  30   3                              Led7Seg_data = alpha[i];
  31   3                              delayScan(DELAYTIME);
  32   3                              pos <<= 1;
  33   3                      }
  34   2              }
  35   1      }


MODULE INFORMATION:   STATIC OVERLAYABLE
   CODE SIZE        =    107    ----
   CONSTANT SIZE    =   ----    ----
   XDATA SIZE       =   ----    ----
   PDATA SIZE       =   ----    ----
   DATA SIZE        =     16    ----
   IDATA SIZE       =   ----    ----
   BIT SIZE         =   ----    ----
END OF MODULE INFORMATION.


C51 COMPILATION COMPLETE.  0 WARNING(S),  0 ERROR(S)
