C51 COMPILER V9.01   MAIN                                                                  08/29/2023 22:20:19 PAGE 1   


C51 COMPILER V9.01, COMPILATION OF MODULE MAIN
OBJECT MODULE PLACED IN main.OBJ
COMPILER INVOKED BY: D:\phan_mem\KEIL\Keil\C51\BIN\C51.EXE main.c BROWSE DEBUG OBJECTEXTEND

line level    source

   1          #include <reg51.h>
   2          #include "ADC0808.h"
   3          
   4          
   5          
   6          unsigned char rxData;
   7          
   8          sbit led = P0^0;
   9          
  10          #define ADC_EXTRACTED_DATA P2
  11          
  12          
  13          
  14          void setup_UART()
  15          {
  16   1              TMOD = 0x20;    // enable timer1, mode 2 (auto reload)
  17   1              TH1 = 0xFD;             // 9600 Baud rate       
  18   1              SCON = 0x50;    // 8 bit uart, 1 stop bit, REN enabled
  19   1              TR1 = 1;                // start timer1
  20   1              IE = 0x90;              // enable global, serial port interrupt                                                                                                 
  21   1      }
  22          
  23          
  24          
  25          void delay(int interval)
  26          {
  27   1              int i, j;
  28   1              for (i = 0; i < 255; i++)
  29   1                      for (j = 0; j < interval; j++);
  30   1      }
  31          
  32          
  33          
  34          void serial_int(void) interrupt 4                               // turn on/off led
  35          {       
  36   1              if (RI)
  37   1              {               
  38   2                      RI = 0; 
  39   2      
  40   2                      rxData = SBUF;  
  41   2                              
  42   2                      switch(rxData)
  43   2                      {
  44   3                              case('0'):      {led = 0;       break;}
  45   3                              case('1'):      {led = 1;       break;}
  46   3                      }                       
  47   2              }       
  48   1      }
  49          
  50          
  51          
  52          void main()
  53          {
  54   1              unsigned char channel, dozens, units, temp;
  55   1      
C51 COMPILER V9.01   MAIN                                                                  08/29/2023 22:20:19 PAGE 2   

  56   1              setup_UART();
  57   1      
  58   1              while(1)
  59   1              {
  60   2                      for (channel = 0; channel < 8; channel++)
  61   2                      {       
  62   3                              temp = ADC0808_read(channel);                   // read data
  63   3      
  64   3                              dozens = (temp / 10) << 4;                              // extract data
  65   3                              units = temp % 10;
  66   3                              ADC_EXTRACTED_DATA = dozens | units;
  67   3      
  68   3                              SBUF = ADC_EXTRACTED_DATA;                              // transmit data
  69   3                              while (TI == 0);
  70   3                              TI = 0;
  71   3      
  72   3                              delay(200);
  73   3                      }               
  74   2              }
  75   1      }


MODULE INFORMATION:   STATIC OVERLAYABLE
   CODE SIZE        =    158    ----
   CONSTANT SIZE    =   ----    ----
   XDATA SIZE       =   ----    ----
   PDATA SIZE       =   ----    ----
   DATA SIZE        =      1    ----
   IDATA SIZE       =   ----    ----
   BIT SIZE         =   ----    ----
END OF MODULE INFORMATION.


C51 COMPILATION COMPLETE.  0 WARNING(S),  0 ERROR(S)
