C51 COMPILER V9.01   PROB3                                                                 08/03/2023 21:30:40 PAGE 1   


C51 COMPILER V9.01, COMPILATION OF MODULE PROB3
OBJECT MODULE PLACED IN prob3.OBJ
COMPILER INVOKED BY: C:\Keil\C51\BIN\C51.EXE prob3.c BROWSE DEBUG OBJECTEXTEND

line level    source

   1          #include <reg51.h>
   2          #include "LCD_16x2_4bit.h"
   3          #include "7Seg8Dig_Anode.h"
   4          
   5          
   6          
   7          char toggle = 1;                                        // init LCD on, 7seg off
   8          
   9          uchar scanState = led7seg_off;          // init 7seg off
  10          
  11          uchar id[8] = {1, 9, 1, 1, 9, 1, 6, 0}; 
  12          
  13          
  14          
  15          void configTimer()
  16          {
  17   1              TMOD = 0x05;                                    // select counter mode for 16-bit timer0
  18   1              TR0 = 1;                                                // start operation of timer0
  19   1              TH0 = 0xff;                                             // high byte of timer0                                                                                                                  
  20   1              TL0 = 0xff;                                     // low byte of timer0   
  21   1      }
  22          
  23          
  24          
  25          void configInt()
  26          {
  27   1              IE = 0x82;                                              // enable global interrupt and timer0 interrupt 
  28   1      }
  29          
  30          
  31          
  32          void ISR_T0() interrupt 1                       // timer0 interrupt
  33          {
  34   1              toggle = ~toggle;
  35   1      
  36   1              if (toggle == 1) {                      
  37   2                      lcd_onScreen();
  38   2                      scanState = led7seg_off;                        // Led7Seg off
  39   2                      delay_ms(1);    
  40   2              }
  41   1              else {                                          
  42   2                      lcd_offScreen();                   
  43   2                      scanState = led7seg_dig8;                       // Led7Seg can scan digits
  44   2                      delay_ms(1);
  45   2              }
  46   1              
  47   1              TH0 = 0xFF;                                                                                                                                                             
  48   1              TL0 = 0xFF;                                 
  49   1      }
  50          
  51          
  52          
  53          void main(void)
  54          {
  55   1              int i, j;
C51 COMPILER V9.01   PROB3                                                                 08/03/2023 21:30:40 PAGE 2   

  56   1              
  57   1              configTimer();
  58   1              configInt();
  59   1                                      
  60   1              lcd_init();
  61   1              lcd_movCur(1, 1);
  62   1              lcd_sendStr("PHAN CONG DANH");
  63   1              lcd_movCur(2, 1);
  64   1              lcd_sendStr("19119160");
  65   1              
  66   1              while(1) {                                                                                      // scan 8 leds 7seg     
  67   2                      for (j = 400; j > 0; j--) {
  68   3                              Led7Seg_scan = scanState;                               
  69   3                              for (i = led7seg_numOfDigs - 1; i >= 0; i--) {
  70   4                                      Led7Seg_data = dig[id[i]];
  71   4                                      delayScan(100);
  72   4                                      Led7Seg_scan = Led7Seg_scan << 1;
  73   4                              }
  74   3                      }       
  75   2              }
  76   1      }


MODULE INFORMATION:   STATIC OVERLAYABLE
   CODE SIZE        =    637    ----
   CONSTANT SIZE    =     24    ----
   XDATA SIZE       =   ----    ----
   PDATA SIZE       =   ----    ----
   DATA SIZE        =     26      29
   IDATA SIZE       =   ----    ----
   BIT SIZE         =   ----    ----
END OF MODULE INFORMATION.


C51 COMPILATION COMPLETE.  0 WARNING(S),  0 ERROR(S)
