C51 COMPILER V9.01   PROB                                                                  08/28/2023 21:31:47 PAGE 1   


C51 COMPILER V9.01, COMPILATION OF MODULE PROB
OBJECT MODULE PLACED IN prob.OBJ
COMPILER INVOKED BY: D:\phan_mem\KEIL\Keil\C51\BIN\C51.EXE prob.c BROWSE DEBUG OBJECTEXTEND

line level    source

   1          #include <reg51.h>
   2          
   3          
   4          
   5          sbit led = P0^7;
   6          
   7          #define ADC_DATA P1
   8          #define ADC_EXTRACTED_DATA P2
   9          
  10          unsigned char rxData;
  11          
  12          
  13          
  14          void setup_UART()
  15          {
  16   1              TMOD = 0x20;    // enable timer1, mode 2 (auto reload)
  17   1              TH1 = -3;               // 9600 Baud rate       
  18   1              SCON = 0x50;    // 8 bit uart, REN enabled, timer1      
  19   1              TR1 = 1;                // start timer1
  20   1              IE = 0x90;              // enable global and serial port interrupt                                                                                                      
  21   1      }
  22          
  23          
  24          
  25          void serial_int(void) interrupt 4                       // turn on/off led
  26          {       
  27   1              if (RI)
  28   1              {               
  29   2                      RI = 0; 
  30   2      
  31   2                      rxData = SBUF;  
  32   2                              
  33   2                      switch(rxData)
  34   2                      {
  35   3                              case('0'):      {led = 0;       break;}
  36   3                              case('1'):      {led = 1;       break;} 
  37   3                      }                       
  38   2              }       
  39   1      }
  40          
  41          
  42          
  43          void main()
  44          {
  45   1              unsigned char txData, dozens, units, value;
  46   1      
  47   1              setup_UART();
  48   1      
  49   1              while(1)
  50   1              {       
  51   2                      value = ADC_DATA;
  52   2                      
  53   2                      dozens = (value / 10) << 4;
  54   2                      units = value % 10;      
  55   2      
C51 COMPILER V9.01   PROB                                                                  08/28/2023 21:31:47 PAGE 2   

  56   2                      ADC_EXTRACTED_DATA = dozens | units;
  57   2      
  58   2                      txData = ADC_EXTRACTED_DATA;
  59   2                      SBUF = txData;
  60   2                      while(TI == 0);
  61   2                      TI = 0;
  62   2              }
  63   1      }


MODULE INFORMATION:   STATIC OVERLAYABLE
   CODE SIZE        =     82    ----
   CONSTANT SIZE    =   ----    ----
   XDATA SIZE       =   ----    ----
   PDATA SIZE       =   ----    ----
   DATA SIZE        =      1    ----
   IDATA SIZE       =   ----    ----
   BIT SIZE         =   ----    ----
END OF MODULE INFORMATION.


C51 COMPILATION COMPLETE.  0 WARNING(S),  0 ERROR(S)
